Using pre-set license
Built from '2020.3/staging' branch; Version is '2020.3.0f1 (c7b5465681fb) revision 13088070'; Using compiler version '192528614'; Build Type 'Release'
OS: 'Windows 10 Home; OS build 19042.867; Version 2009; 64bit' Language: 'fr' Physical Memory: 16225 MB
BatchMode: 1, IsHumanControllingUs: 0, StartBugReporterOnCrash: 0, Is64bit: 1, IsPro: 0

 COMMAND LINE ARGUMENTS:
C:\Program Files\Unity\Hub\Editor\2020.3.0f1\Editor\Unity.exe
-adb2
-batchMode
-noUpm
-name
AssetImportWorker0
-projectPath
C:/Users/guill/Documents/Projets/Unity/Project-Ashin
-logFile
Logs/AssetImportWorker0.log
-srvPort
1063
Successfully changed project path to: C:/Users/guill/Documents/Projets/Unity/Project-Ashin
C:/Users/guill/Documents/Projets/Unity/Project-Ashin
Using Asset Import Pipeline V2.
Refreshing native plugins compatible for Editor in 46.97 ms, found 1 plugins.
Preloading 0 native plugins for Editor in 0.00 ms.
Initialize engine version: 2020.3.0f1 (c7b5465681fb)
[Subsystems] Discovering subsystems at path C:/Program Files/Unity/Hub/Editor/2020.3.0f1/Editor/Data/Resources/UnitySubsystems
[Subsystems] Discovering subsystems at path C:/Users/guill/Documents/Projets/Unity/Project-Ashin/Assets
GfxDevice: creating device client; threaded=0
Direct3D:
    Version:  Direct3D 11.0 [level 11.1]
    Renderer: NVIDIA GeForce GTX 1660 Ti (ID=0x2191)
    Vendor:   
    VRAM:     5991 MB
    Driver:   27.21.14.6192
Initialize mono
Mono path[0] = 'C:/Program Files/Unity/Hub/Editor/2020.3.0f1/Editor/Data/Managed'
Mono path[1] = 'C:/Program Files/Unity/Hub/Editor/2020.3.0f1/Editor/Data/MonoBleedingEdge/lib/mono/unityjit'
Mono config path = 'C:/Program Files/Unity/Hub/Editor/2020.3.0f1/Editor/Data/MonoBleedingEdge/etc'
Using monoOptions --debugger-agent=transport=dt_socket,embedding=1,server=y,suspend=n,address=127.0.0.1:56968
Begin MonoManager ReloadAssembly
Registering precompiled unity dll's ...
Register platform support module: C:/Program Files/Unity/Hub/Editor/2020.3.0f1/Editor/Data/PlaybackEngines/WindowsStandaloneSupport/UnityEditor.WindowsStandalone.Extensions.dll
Registered in 0.001773 seconds.
Native extension for WindowsStandalone target not found
Refreshing native plugins compatible for Editor in 43.47 ms, found 1 plugins.
Preloading 0 native plugins for Editor in 0.00 ms.
Invoked RoslynAnalysisRunner static constructor.
RoslynAnalysisRunner will not be running.
RoslynAnalysisRunner has terminated.
Mono: successfully reloaded assembly
- Completed reload, in  1.983 seconds
Platform modules already initialized, skipping
Registering precompiled user dll's ...
Registered in 0.001396 seconds.
Begin MonoManager ReloadAssembly
Native extension for WindowsStandalone target not found
Refreshing native plugins compatible for Editor in 45.45 ms, found 1 plugins.
Preloading 0 native plugins for Editor in 0.00 ms.
Invoked RoslynAnalysisRunner static constructor.
RoslynAnalysisRunner will not be running.
RoslynAnalysisRunner has terminated.
Mono: successfully reloaded assembly
- Completed reload, in  0.923 seconds
Platform modules already initialized, skipping
========================================================================
Worker process is ready to serve import requests
Launched and connected shader compiler UnityShaderCompiler.exe after 0.04 seconds
Refreshing native plugins compatible for Editor in 0.45 ms, found 1 plugins.
Preloading 0 native plugins for Editor in 0.00 ms.
Unloading 2386 Unused Serialized files (Serialized files now loaded: 0)
System memory in use before: 105.5 MB.
System memory in use after: 105.7 MB.

Unloading 23 unused Assets to reduce memory usage. Loaded Objects now: 2837.
Total: 2.209800 ms (FindLiveObjects: 0.258800 ms CreateObjectMapping: 0.193100 ms MarkObjects: 1.696900 ms  DeleteObjects: 0.060100 ms)

========================================================================
Received Import Request.
  path: Assets/Controls/InputManager.inputactions
  artifactKey: Guid(9144b75900b27c14ba70c77380a7ac2c) Importer(815301076,1909f56bfc062723c751e8b465ee728b)
Start importing Assets/Controls/InputManager.inputactions using Guid(9144b75900b27c14ba70c77380a7ac2c) Importer(815301076,1909f56bfc062723c751e8b465ee728b)  -> (artifact id: '634c6dce3bdef2e72d39db76d62303a5') in 0.028742 seconds
  Import took 0.032123 seconds .

========================================================================
Received Import Request.
  Time since last request: 0.011697 seconds.
  path: Assets/Controls/InputManager.inputactions
  artifactKey: Guid(9144b75900b27c14ba70c77380a7ac2c) Importer(815301076,1909f56bfc062723c751e8b465ee728b)
Start importing Assets/Controls/InputManager.inputactions using Guid(9144b75900b27c14ba70c77380a7ac2c) Importer(815301076,1909f56bfc062723c751e8b465ee728b)  -> (artifact id: '634c6dce3bdef2e72d39db76d62303a5') in 0.003252 seconds
  Import took 0.006794 seconds .

========================================================================
Received Prepare
Registering precompiled user dll's ...
Registered in 0.001442 seconds.
Begin MonoManager ReloadAssembly
Native extension for WindowsStandalone target not found
Refreshing native plugins compatible for Editor in 0.50 ms, found 1 plugins.
Preloading 0 native plugins for Editor in 0.00 ms.
Invoked RoslynAnalysisRunner static constructor.
RoslynAnalysisRunner will not be running.
RoslynAnalysisRunner has terminated.
Mono: successfully reloaded assembly
- Completed reload, in  0.855 seconds
Platform modules already initialized, skipping
Refreshing native plugins compatible for Editor in 0.89 ms, found 1 plugins.
Preloading 0 native plugins for Editor in 0.00 ms.
Unloading 2370 Unused Serialized files (Serialized files now loaded: 0)
System memory in use before: 104.9 MB.
System memory in use after: 105.1 MB.

Unloading 9 unused Assets to reduce memory usage. Loaded Objects now: 2841.
Total: 2.241200 ms (FindLiveObjects: 0.231000 ms CreateObjectMapping: 0.137000 ms MarkObjects: 1.855700 ms  DeleteObjects: 0.016800 ms)

========================================================================
Received Import Request.
  Time since last request: 25.779507 seconds.
  path: Assets/Controls/InputManager.inputactions
  artifactKey: Guid(9144b75900b27c14ba70c77380a7ac2c) Importer(815301076,1909f56bfc062723c751e8b465ee728b)
Start importing Assets/Controls/InputManager.inputactions using Guid(9144b75900b27c14ba70c77380a7ac2c) Importer(815301076,1909f56bfc062723c751e8b465ee728b)  -> (artifact id: '80aac654feb2b3b67719fe7ac08bf7d2') in 0.019248 seconds
  Import took 0.022274 seconds .

========================================================================
Received Prepare
Registering precompiled user dll's ...
Registered in 0.001317 seconds.
Begin MonoManager ReloadAssembly
Native extension for WindowsStandalone target not found
Refreshing native plugins compatible for Editor in 0.47 ms, found 1 plugins.
Preloading 0 native plugins for Editor in 0.00 ms.
Invoked RoslynAnalysisRunner static constructor.
RoslynAnalysisRunner will not be running.
RoslynAnalysisRunner has terminated.
Mono: successfully reloaded assembly
- Completed reload, in  0.847 seconds
Platform modules already initialized, skipping
Refreshing native plugins compatible for Editor in 0.79 ms, found 1 plugins.
Preloading 0 native plugins for Editor in 0.00 ms.
Unloading 2370 Unused Serialized files (Serialized files now loaded: 0)
System memory in use before: 104.9 MB.
System memory in use after: 105.1 MB.

Unloading 9 unused Assets to reduce memory usage. Loaded Objects now: 2845.
Total: 2.144500 ms (FindLiveObjects: 0.221200 ms CreateObjectMapping: 0.095100 ms MarkObjects: 1.815000 ms  DeleteObjects: 0.012600 ms)

========================================================================
Received Import Request.
  Time since last request: 6.435545 seconds.
  path: Assets/Controls/InputManager.inputactions
  artifactKey: Guid(9144b75900b27c14ba70c77380a7ac2c) Importer(815301076,1909f56bfc062723c751e8b465ee728b)
Start importing Assets/Controls/InputManager.inputactions using Guid(9144b75900b27c14ba70c77380a7ac2c) Importer(815301076,1909f56bfc062723c751e8b465ee728b)  -> (artifact id: '275ecec0285f77526e6c4e45b0dd1ca6') in 0.022077 seconds
  Import took 0.026272 seconds .

========================================================================
Received Import Request.
  Time since last request: 0.071707 seconds.
  path: Assets/Controls/InputManager.inputactions
  artifactKey: Guid(9144b75900b27c14ba70c77380a7ac2c) Importer(815301076,1909f56bfc062723c751e8b465ee728b)
Start importing Assets/Controls/InputManager.inputactions using Guid(9144b75900b27c14ba70c77380a7ac2c) Importer(815301076,1909f56bfc062723c751e8b465ee728b)  -> (artifact id: '275ecec0285f77526e6c4e45b0dd1ca6') in 0.003487 seconds
  Import took 0.006803 seconds .

========================================================================
Received Prepare
Registering precompiled user dll's ...
Registered in 0.001351 seconds.
Begin MonoManager ReloadAssembly
Native extension for WindowsStandalone target not found
Refreshing native plugins compatible for Editor in 0.43 ms, found 1 plugins.
Preloading 0 native plugins for Editor in 0.00 ms.
Invoked RoslynAnalysisRunner static constructor.
RoslynAnalysisRunner will not be running.
RoslynAnalysisRunner has terminated.
Mono: successfully reloaded assembly
- Completed reload, in  0.820 seconds
Platform modules already initialized, skipping
Refreshing native plugins compatible for Editor in 0.44 ms, found 1 plugins.
Preloading 0 native plugins for Editor in 0.00 ms.
Unloading 2370 Unused Serialized files (Serialized files now loaded: 0)
System memory in use before: 105.0 MB.
System memory in use after: 105.2 MB.

Unloading 9 unused Assets to reduce memory usage. Loaded Objects now: 2849.
Total: 4.810700 ms (FindLiveObjects: 0.490900 ms CreateObjectMapping: 0.334100 ms MarkObjects: 3.951700 ms  DeleteObjects: 0.031400 ms)

========================================================================
Received Import Request.
  Time since last request: 6.036742 seconds.
  path: Assets/Controls/InputManager.inputactions
  artifactKey: Guid(9144b75900b27c14ba70c77380a7ac2c) Importer(815301076,1909f56bfc062723c751e8b465ee728b)
Start importing Assets/Controls/InputManager.inputactions using Guid(9144b75900b27c14ba70c77380a7ac2c) Importer(815301076,1909f56bfc062723c751e8b465ee728b)  -> (artifact id: '0dfb20e5cf9c0e28e0f95c5feef1aed0') in 0.022028 seconds
  Import took 0.026098 seconds .

========================================================================
Received Prepare
Registering precompiled user dll's ...
Registered in 0.001290 seconds.
Begin MonoManager ReloadAssembly
Native extension for WindowsStandalone target not found
Refreshing native plugins compatible for Editor in 0.44 ms, found 1 plugins.
Preloading 0 native plugins for Editor in 0.00 ms.
Invoked RoslynAnalysisRunner static constructor.
RoslynAnalysisRunner will not be running.
RoslynAnalysisRunner has terminated.
Mono: successfully reloaded assembly
- Completed reload, in  0.826 seconds
Platform modules already initialized, skipping
Refreshing native plugins compatible for Editor in 0.44 ms, found 1 plugins.
Preloading 0 native plugins for Editor in 0.00 ms.
Unloading 2370 Unused Serialized files (Serialized files now loaded: 0)
System memory in use before: 105.0 MB.
System memory in use after: 105.2 MB.

Unloading 9 unused Assets to reduce memory usage. Loaded Objects now: 2853.
Total: 1.944200 ms (FindLiveObjects: 0.195800 ms CreateObjectMapping: 0.095300 ms MarkObjects: 1.639500 ms  DeleteObjects: 0.012800 ms)

========================================================================
Received Import Request.
  Time since last request: 6.727722 seconds.
  path: Assets/Controls/InputManager.inputactions
  artifactKey: Guid(9144b75900b27c14ba70c77380a7ac2c) Importer(815301076,1909f56bfc062723c751e8b465ee728b)
Start importing Assets/Controls/InputManager.inputactions using Guid(9144b75900b27c14ba70c77380a7ac2c) Importer(815301076,1909f56bfc062723c751e8b465ee728b)  -> (artifact id: 'dd5f1023d053f0e356d9a4233ba67514') in 0.024761 seconds
  Import took 0.032108 seconds .

========================================================================
Received Prepare
Registering precompiled user dll's ...
Registered in 0.001309 seconds.
Begin MonoManager ReloadAssembly
Native extension for WindowsStandalone target not found
Refreshing native plugins compatible for Editor in 0.53 ms, found 1 plugins.
Preloading 0 native plugins for Editor in 0.00 ms.
Invoked RoslynAnalysisRunner static constructor.
RoslynAnalysisRunner will not be running.
RoslynAnalysisRunner has terminated.
Mono: successfully reloaded assembly
- Completed reload, in  0.884 seconds
Platform modules already initialized, skipping
Refreshing native plugins compatible for Editor in 0.45 ms, found 1 plugins.
Preloading 0 native plugins for Editor in 0.00 ms.
Unloading 2370 Unused Serialized files (Serialized files now loaded: 0)
System memory in use before: 104.9 MB.
System memory in use after: 105.1 MB.

Unloading 9 unused Assets to reduce memory usage. Loaded Objects now: 2857.
Total: 2.360800 ms (FindLiveObjects: 0.261300 ms CreateObjectMapping: 0.146700 ms MarkObjects: 1.938100 ms  DeleteObjects: 0.013500 ms)

========================================================================
Received Prepare
Registering precompiled user dll's ...
Registered in 0.001376 seconds.
Begin MonoManager ReloadAssembly
Native extension for WindowsStandalone target not found
Refreshing native plugins compatible for Editor in 0.46 ms, found 1 plugins.
Preloading 0 native plugins for Editor in 0.00 ms.
Invoked RoslynAnalysisRunner static constructor.
RoslynAnalysisRunner will not be running.
RoslynAnalysisRunner has terminated.
Mono: successfully reloaded assembly
- Completed reload, in  0.878 seconds
Platform modules already initialized, skipping
Refreshing native plugins compatible for Editor in 0.46 ms, found 1 plugins.
Preloading 0 native plugins for Editor in 0.00 ms.
Unloading 2370 Unused Serialized files (Serialized files now loaded: 0)
System memory in use before: 105.0 MB.
System memory in use after: 105.2 MB.

Unloading 9 unused Assets to reduce memory usage. Loaded Objects now: 2861.
Total: 2.250700 ms (FindLiveObjects: 0.281000 ms CreateObjectMapping: 0.137500 ms MarkObjects: 1.818000 ms  DeleteObjects: 0.013400 ms)

========================================================================
Received Import Request.
  Time since last request: 23.891763 seconds.
  path: Assets/Controls/InputManager.inputactions
  artifactKey: Guid(9144b75900b27c14ba70c77380a7ac2c) Importer(815301076,1909f56bfc062723c751e8b465ee728b)
Start importing Assets/Controls/InputManager.inputactions using Guid(9144b75900b27c14ba70c77380a7ac2c) Importer(815301076,1909f56bfc062723c751e8b465ee728b)  -> (artifact id: 'e1d55b0f18da17aac97cf9b833549e53') in 0.020105 seconds
  Import took 0.023257 seconds .

========================================================================
Received Prepare
Registering precompiled user dll's ...
Registered in 0.001288 seconds.
Begin MonoManager ReloadAssembly
Native extension for WindowsStandalone target not found
Refreshing native plugins compatible for Editor in 0.44 ms, found 1 plugins.
Preloading 0 native plugins for Editor in 0.00 ms.
Invoked RoslynAnalysisRunner static constructor.
RoslynAnalysisRunner will not be running.
RoslynAnalysisRunner has terminated.
Mono: successfully reloaded assembly
- Completed reload, in  0.852 seconds
Platform modules already initialized, skipping
Refreshing native plugins compatible for Editor in 0.49 ms, found 1 plugins.
Preloading 0 native plugins for Editor in 0.00 ms.
Unloading 2370 Unused Serialized files (Serialized files now loaded: 0)
System memory in use before: 105.0 MB.
System memory in use after: 105.2 MB.

Unloading 9 unused Assets to reduce memory usage. Loaded Objects now: 2865.
Total: 3.134300 ms (FindLiveObjects: 0.614600 ms CreateObjectMapping: 0.148400 ms MarkObjects: 2.352100 ms  DeleteObjects: 0.017800 ms)

========================================================================
Received Import Request.
  Time since last request: 5.664108 seconds.
  path: Assets/Controls/InputManager.inputactions
  artifactKey: Guid(9144b75900b27c14ba70c77380a7ac2c) Importer(815301076,1909f56bfc062723c751e8b465ee728b)
Start importing Assets/Controls/InputManager.inputactions using Guid(9144b75900b27c14ba70c77380a7ac2c) Importer(815301076,1909f56bfc062723c751e8b465ee728b)  -> (artifact id: '4c9346e66f8d46d7af8afa242fd0e72d') in 0.023251 seconds
  Import took 0.027137 seconds .

========================================================================
Received Prepare
Registering precompiled user dll's ...
Registered in 0.001316 seconds.
Begin MonoManager ReloadAssembly
Native extension for WindowsStandalone target not found
Refreshing native plugins compatible for Editor in 0.69 ms, found 1 plugins.
Preloading 0 native plugins for Editor in 0.00 ms.
Invoked RoslynAnalysisRunner static constructor.
RoslynAnalysisRunner will not be running.
RoslynAnalysisRunner has terminated.
Mono: successfully reloaded assembly
- Completed reload, in  0.875 seconds
Platform modules already initialized, skipping
Refreshing native plugins compatible for Editor in 0.46 ms, found 1 plugins.
Preloading 0 native plugins for Editor in 0.00 ms.
Unloading 2370 Unused Serialized files (Serialized files now loaded: 0)
System memory in use before: 105.0 MB.
System memory in use after: 105.2 MB.

Unloading 9 unused Assets to reduce memory usage. Loaded Objects now: 2869.
Total: 2.060500 ms (FindLiveObjects: 0.206900 ms CreateObjectMapping: 0.102600 ms MarkObjects: 1.736000 ms  DeleteObjects: 0.013600 ms)

========================================================================
Received Import Request.
  Time since last request: 6.224550 seconds.
  path: Assets/Controls/InputManager.inputactions
  artifactKey: Guid(9144b75900b27c14ba70c77380a7ac2c) Importer(815301076,1909f56bfc062723c751e8b465ee728b)
Start importing Assets/Controls/InputManager.inputactions using Guid(9144b75900b27c14ba70c77380a7ac2c) Importer(815301076,1909f56bfc062723c751e8b465ee728b)  -> (artifact id: '5dc5d8e11a339b48c74a1d0c3ef88849') in 0.021366 seconds
  Import took 0.025298 seconds .

========================================================================
Received Prepare
Registering precompiled user dll's ...
Registered in 0.001268 seconds.
Begin MonoManager ReloadAssembly
Native extension for WindowsStandalone target not found
Refreshing native plugins compatible for Editor in 0.44 ms, found 1 plugins.
Preloading 0 native plugins for Editor in 0.00 ms.
Invoked RoslynAnalysisRunner static constructor.
RoslynAnalysisRunner will not be running.
RoslynAnalysisRunner has terminated.
Mono: successfully reloaded assembly
- Completed reload, in  0.863 seconds
Platform modules already initialized, skipping
Refreshing native plugins compatible for Editor in 0.45 ms, found 1 plugins.
Preloading 0 native plugins for Editor in 0.00 ms.
Unloading 2370 Unused Serialized files (Serialized files now loaded: 0)
System memory in use before: 105.0 MB.
System memory in use after: 105.2 MB.

Unloading 9 unused Assets to reduce memory usage. Loaded Objects now: 2873.
Total: 2.082400 ms (FindLiveObjects: 0.197200 ms CreateObjectMapping: 0.107900 ms MarkObjects: 1.763900 ms  DeleteObjects: 0.012600 ms)

========================================================================
Received Import Request.
  Time since last request: 12.063984 seconds.
  path: Assets/Controls/InputManager.inputactions
  artifactKey: Guid(9144b75900b27c14ba70c77380a7ac2c) Importer(815301076,1909f56bfc062723c751e8b465ee728b)
Start importing Assets/Controls/InputManager.inputactions using Guid(9144b75900b27c14ba70c77380a7ac2c) Importer(815301076,1909f56bfc062723c751e8b465ee728b)  -> (artifact id: 'b5be2b7feecfb3aff65ba4d5d80f0449') in 0.022192 seconds
  Import took 0.027341 seconds .

========================================================================
Received Prepare
Registering precompiled user dll's ...
Registered in 0.001285 seconds.
Begin MonoManager ReloadAssembly
Native extension for WindowsStandalone target not found
Refreshing native plugins compatible for Editor in 0.45 ms, found 1 plugins.
Preloading 0 native plugins for Editor in 0.00 ms.
Invoked RoslynAnalysisRunner static constructor.
RoslynAnalysisRunner will not be running.
RoslynAnalysisRunner has terminated.
Mono: successfully reloaded assembly
- Completed reload, in  0.846 seconds
Platform modules already initialized, skipping
Refreshing native plugins compatible for Editor in 0.46 ms, found 1 plugins.
Preloading 0 native plugins for Editor in 0.00 ms.
Unloading 2370 Unused Serialized files (Serialized files now loaded: 0)
System memory in use before: 104.9 MB.
System memory in use after: 105.2 MB.

Unloading 9 unused Assets to reduce memory usage. Loaded Objects now: 2877.
Total: 2.030100 ms (FindLiveObjects: 0.231000 ms CreateObjectMapping: 0.131100 ms MarkObjects: 1.651600 ms  DeleteObjects: 0.015300 ms)

========================================================================
Received Import Request.
  Time since last request: 8.331378 seconds.
  path: Assets/Controls/InputManager.inputactions
  artifactKey: Guid(9144b75900b27c14ba70c77380a7ac2c) Importer(815301076,1909f56bfc062723c751e8b465ee728b)
Start importing Assets/Controls/InputManager.inputactions using Guid(9144b75900b27c14ba70c77380a7ac2c) Importer(815301076,1909f56bfc062723c751e8b465ee728b)  -> (artifact id: 'a566fc1847c2f676aef4ceed3f511e5c') in 0.020342 seconds
  Import took 0.024625 seconds .

========================================================================
Received Import Request.
  Time since last request: 0.069793 seconds.
  path: Assets/Controls/InputManager.inputactions
  artifactKey: Guid(9144b75900b27c14ba70c77380a7ac2c) Importer(815301076,1909f56bfc062723c751e8b465ee728b)
Start importing Assets/Controls/InputManager.inputactions using Guid(9144b75900b27c14ba70c77380a7ac2c) Importer(815301076,1909f56bfc062723c751e8b465ee728b)  -> (artifact id: 'a566fc1847c2f676aef4ceed3f511e5c') in 0.004234 seconds
  Import took 0.008020 seconds .

========================================================================
Received Prepare
Registering precompiled user dll's ...
Registered in 0.001271 seconds.
Begin MonoManager ReloadAssembly
Native extension for WindowsStandalone target not found
Refreshing native plugins compatible for Editor in 0.47 ms, found 1 plugins.
Preloading 0 native plugins for Editor in 0.00 ms.
Invoked RoslynAnalysisRunner static constructor.
RoslynAnalysisRunner will not be running.
RoslynAnalysisRunner has terminated.
Mono: successfully reloaded assembly
- Completed reload, in  0.834 seconds
Platform modules already initialized, skipping
Refreshing native plugins compatible for Editor in 0.45 ms, found 1 plugins.
Preloading 0 native plugins for Editor in 0.00 ms.
Unloading 2370 Unused Serialized files (Serialized files now loaded: 0)
System memory in use before: 105.0 MB.
System memory in use after: 105.3 MB.

Unloading 9 unused Assets to reduce memory usage. Loaded Objects now: 2881.
Total: 2.372000 ms (FindLiveObjects: 0.257700 ms CreateObjectMapping: 0.125300 ms MarkObjects: 1.973400 ms  DeleteObjects: 0.014900 ms)

========================================================================
Received Prepare
Registering precompiled user dll's ...
Registered in 0.001433 seconds.
Begin MonoManager ReloadAssembly
Native extension for WindowsStandalone target not found
Refreshing native plugins compatible for Editor in 0.43 ms, found 1 plugins.
Preloading 0 native plugins for Editor in 0.00 ms.
Invoked RoslynAnalysisRunner static constructor.
RoslynAnalysisRunner will not be running.
RoslynAnalysisRunner has terminated.
Mono: successfully reloaded assembly
- Completed reload, in  0.823 seconds
Platform modules already initialized, skipping
Refreshing native plugins compatible for Editor in 0.52 ms, found 1 plugins.
Preloading 0 native plugins for Editor in 0.00 ms.
Unloading 2370 Unused Serialized files (Serialized files now loaded: 0)
System memory in use before: 105.1 MB.
System memory in use after: 105.3 MB.

Unloading 9 unused Assets to reduce memory usage. Loaded Objects now: 2885.
Total: 5.230200 ms (FindLiveObjects: 0.452800 ms CreateObjectMapping: 0.238400 ms MarkObjects: 4.517400 ms  DeleteObjects: 0.019400 ms)

AssetImportWorkerClient::OnTransportError - code=2 error=End of file
